[debug] [2024-12-03T06:16:34.958Z] ----------------------------------------------------------------------
[debug] [2024-12-03T06:16:34.961Z] Command:       C:\Program Files\nodejs\node.exe C:\Users\farah\AppData\Roaming\npm\node_modules\firebase-tools\lib\bin\firebase.js init
[debug] [2024-12-03T06:16:34.961Z] CLI Version:   13.27.0
[debug] [2024-12-03T06:16:34.961Z] Platform:      win32
[debug] [2024-12-03T06:16:34.961Z] Node Version:  v20.10.0
[debug] [2024-12-03T06:16:34.961Z] Time:          Tue Dec 03 2024 11:46:34 GMT+0530 (India Standard Time)
[debug] [2024-12-03T06:16:34.961Z] ----------------------------------------------------------------------
[debug] 
[debug] [2024-12-03T06:16:34.967Z] > command requires scopes: ["email","openid","https://www.googleapis.com/auth/cloudplatformprojects.readonly","https://www.googleapis.com/auth/firebase","https://www.googleapis.com/auth/cloud-platform"]
[debug] [2024-12-03T06:16:34.967Z] > authorizing via signed-in user (farah.hashmi13sk@gmail.com)
[info] 
     ######## #### ########  ######## ########     ###     ######  ########
     ##        ##  ##     ## ##       ##     ##  ##   ##  ##       ##
     ######    ##  ########  ######   ########  #########  ######  ######
     ##        ##  ##    ##  ##       ##     ## ##     ##       ## ##
     ##       #### ##     ## ######## ########  ##     ##  ######  ########

You're about to initialize a Firebase project in this directory:

  C:\Users\farah\OneDrive\Desktop\MyProjects\ChatVerse

[info] 
=== Project Setup
[info] 
[info] First, let's associate this project directory with a Firebase project.
[info] You can create multiple project aliases by running firebase use --add, 
[info] but for now we'll just set up a default project.
[info] 
[debug] [2024-12-03T06:16:46.584Z] Checked if tokens are valid: false, expires at: 1733153857261
[debug] [2024-12-03T06:16:46.584Z] Checked if tokens are valid: false, expires at: 1733153857261
[debug] [2024-12-03T06:16:46.584Z] > refreshing access token with scopes: []
[debug] [2024-12-03T06:16:46.586Z] >>> [apiv2][query] POST https://www.googleapis.com/oauth2/v3/token [none]
[debug] [2024-12-03T06:16:46.586Z] >>> [apiv2][body] POST https://www.googleapis.com/oauth2/v3/token [omitted]
[debug] [2024-12-03T06:16:47.140Z] <<< [apiv2][status] POST https://www.googleapis.com/oauth2/v3/token 200
[debug] [2024-12-03T06:16:47.140Z] <<< [apiv2][body] POST https://www.googleapis.com/oauth2/v3/token [omitted]
[debug] [2024-12-03T06:16:47.155Z] >>> [apiv2][query] GET https://firebase.googleapis.com/v1beta1/projects pageSize=100
[debug] [2024-12-03T06:16:48.070Z] <<< [apiv2][status] GET https://firebase.googleapis.com/v1beta1/projects 200
[debug] [2024-12-03T06:16:48.070Z] <<< [apiv2][body] GET https://firebase.googleapis.com/v1beta1/projects [omitted]
